{
  "timestamp": "2025-09-16T10:14:52.374Z",
  "overall": {
    "passed": false
  },
  "details": {
    "compilation": {
      "passed": false,
      "errors": [
        "app/(company)/requests.tsx(22,33): error TS2307: Cannot find module '@/services/NotificationService' or its corresponding type declarations.\r",
        "components/__tests__/GlobalErrorBoundary.test.tsx(2,44): error TS2307: Cannot find module '@testing-library/react-native' or its corresponding type declarations.\r",
        "components/__tests__/GlobalErrorBoundary.test.tsx(5,35): error TS2307: Cannot find module '../../services/DiagnosticService' or its corresponding type declarations.\r",
        "components/__tests__/UIFrameGuardedErrorBoundary.test.tsx(2,35): error TS2307: Cannot find module '@testing-library/react-native' or its corresponding type declarations.\r",
        "components/__tests__/UIFrameGuardedErrorBoundary.test.tsx(273,14): error TS2304: Cannot find name 'getByText'.\r",
        "components/ClientModule.tsx(120,32): error TS2339: Property 'clientName' does not exist on type '{ card: {}; cardHeader: { flexDirection: \"row\"; justifyContent: \"space-between\"; alignItems: \"flex-start\"; }; clientInfo: { flex: number; }; actionButtons: { flexDirection: \"row\"; }; cardFooter: { ...; }; }'.\r",
        "components/ClientModule.tsx(137,32): error TS2339: Property 'debtText' does not exist on type '{ card: {}; cardHeader: { flexDirection: \"row\"; justifyContent: \"space-between\"; alignItems: \"flex-start\"; }; clientInfo: { flex: number; }; actionButtons: { flexDirection: \"row\"; }; cardFooter: { ...; }; }'.\r",
        "components/ClientModule.tsx(151,40): error TS2551: Property 'actionButton' does not exist on type '{ card: {}; cardHeader: { flexDirection: \"row\"; justifyContent: \"space-between\"; alignItems: \"flex-start\"; }; clientInfo: { flex: number; }; actionButtons: { flexDirection: \"row\"; }; cardFooter: { ...; }; }'. Did you mean 'actionButtons'?\r",
        "components/ClientModule.tsx(164,40): error TS2551: Property 'actionButton' does not exist on type '{ card: {}; cardHeader: { flexDirection: \"row\"; justifyContent: \"space-between\"; alignItems: \"flex-start\"; }; clientInfo: { flex: number; }; actionButtons: { flexDirection: \"row\"; }; cardFooter: { ...; }; }'. Did you mean 'actionButtons'?\r",
        "components/ColorPicker.native.tsx(13,14): error TS2786: 'RNColorPicker' cannot be used as a JSX component.\r",
        "  Its type 'typeof HoloColorPicker' is not a valid JSX element type.\r",
        "    Type 'typeof HoloColorPicker' is not assignable to type 'new (props: any) => Component<any, any, any>'.\r",
        "      Types of construct signatures are incompatible.\r",
        "        Type 'new (props: IHoloPickerProps, ctx: any) => HoloColorPicker' is not assignable to type 'new (props: any) => Component<any, any, any>'.\r",
        "          Target signature provides too few arguments. Expected 2 or more, but got 1.\r",
        "components/ColorPicker.tsx(3,30): error TS7016: Could not find a declaration file for module 'react-color'. 'C:/Programacion/2025/cuenta_microempresas/node_modules/.pnpm/react-color@2.19.3_react@19.0.0/node_modules/react-color/lib/index.js' implicitly has an 'any' type.\r",
        "  Try `npm i --save-dev @types/react-color` if it exists or add a new declaration (.d.ts) file containing `declare module 'react-color';`\r",
        "components/ColorPicker.tsx(30,48): error TS7006: Parameter 'color' implicitly has an 'any' type.\r",
        "components/ColorPicker.tsx(40,26): error TS2786: 'ColorPicker' cannot be used as a JSX component.\r",
        "  Its type 'typeof HoloColorPicker' is not a valid JSX element type.\r",
        "    Type 'typeof HoloColorPicker' is not assignable to type 'new (props: any) => Component<any, any, any>'.\r",
        "      Types of construct signatures are incompatible.\r",
        "        Type 'new (props: IHoloPickerProps, ctx: any) => HoloColorPicker' is not assignable to type 'new (props: any) => Component<any, any, any>'.\r",
        "          Target signature provides too few arguments. Expected 2 or more, but got 1.\r",
        "components/ColorPicker.web.tsx(2,30): error TS7016: Could not find a declaration file for module 'react-color'. 'C:/Programacion/2025/cuenta_microempresas/node_modules/.pnpm/react-color@2.19.3_react@19.0.0/node_modules/react-color/lib/index.js' implicitly has an 'any' type.\r",
        "  Try `npm i --save-dev @types/react-color` if it exists or add a new declaration (.d.ts) file containing `declare module 'react-color';`\r",
        "components/ColorPicker.web.tsx(13,32): error TS7006: Parameter 'c' implicitly has an 'any' type.\r",
        "components/DatePicker.web.tsx(34,33): error TS2322: Type '(d: Date) => void' is not assignable to type '((date: Date | null, event?: MouseEvent<HTMLElement, MouseEvent> | KeyboardEvent<HTMLElement> | undefined) => void) | ((date: [...], event?: MouseEvent<...> | ... 1 more ... | undefined) => void) | ((date: Date[] | null, event?: MouseEvent<...> | ... 1 more ... | undefined) => void) | undefined'.\r",
        "  Type '(d: Date) => void' is not assignable to type '(date: Date | null, event?: MouseEvent<HTMLElement, MouseEvent> | KeyboardEvent<HTMLElement> | undefined) => void'.\r",
        "    Types of parameters 'd' and 'date' are incompatible.\r",
        "      Type 'Date | null' is not assignable to type 'Date'.\r",
        "        Type 'null' is not assignable to type 'Date'.\r",
        "components/GlobalErrorBoundary.tsx(3,35): error TS2307: Cannot find module '../services/DiagnosticService' or its corresponding type declarations.\r",
        "components/GlobalErrorBoundary.tsx(11,34): error TS2694: Namespace 'global.NodeJS' has no exported member 'Timeout'.\r",
        "components/HapticTab.tsx(2,10): error TS2305: Module '\"@react-navigation/bottom-tabs\"' has no exported member 'PlatformPressable'.\r",
        "components/HapticTab.tsx(15,19): error TS7006: Parameter 'ev' implicitly has an 'any' type.\r",
        "components/NavigationErrorBoundary.tsx(4,59): error TS2307: Cannot find module '@/services/NavigationStateVerifier' or its corresponding type declarations.\r",
        "components/ProductForm.tsx(474,19): error TS2322: Type '{ color: string; onColorChangeComplete: (color: string) => void; }' is not assignable to type 'IntrinsicAttributes & { onColorChange: (color: string) => void; }'.\r",
        "  Property 'color' does not exist on type 'IntrinsicAttributes & { onColorChange: (color: string) => void; }'.\r",
        "components/ProviderErrorBoundary.tsx(3,55): error TS2307: Cannot find module '@/services/ProviderChainVerifier' or its corresponding type declarations.\r",
        "components/ProviderErrorBoundary.tsx(42,52): error TS7006: Parameter 'p' implicitly has an 'any' type.\r",
        "components/SafeProviderFallbacks.tsx(33,62): error TS2339: Property '_currentValue' does not exist on type 'Context<FallbackAuthContextType>'.\r",
        "components/SafeProviderFallbacks.tsx(106,64): error TS2339: Property '_currentValue' does not exist on type 'Context<FallbackToastContextType>'.\r",
        "components/TransactionCard.tsx(85,9): error TS2322: Type 'string[]' is not assignable to type 'readonly [ColorValue, ColorValue, ...ColorValue[]]'.\r",
        "  Source provides no match for required element at position 0 in target.\r",
        "components/ui/index.ts(1,86): error TS2307: Cannot find module './GradientBackground' or its corresponding type declarations.\r",
        "components/ui/index.ts(3,28): error TS2307: Cannot find module './ThemedCard' or its corresponding type declarations.\r",
        "components/ui/index.ts(4,80): error TS2307: Cannot find module './BottomFirstLayout' or its corresponding type declarations.\r",
        "components/ui/index.ts(5,49): error TS2307: Cannot find module './ResponsiveGrid' or its corresponding type declarations.\r",
        "components/ui/index.ts(6,49): error TS2307: Cannot find module './FloatingActionButton' or its corresponding type declarations.\r",
        "components/ui/ThemedButton.tsx(115,11): error TS2322: Type 'string[]' is not assignable to type 'readonly [ColorValue, ColorValue, ...ColorValue[]]'.\r",
        "  Source provides no match for required element at position 0 in target.\r",
        "components/ui/Toast.tsx(34,22): error TS2554: Expected 1 arguments, but got 0.\r",
        "components/ui/Toast.tsx(34,36): error TS2694: Namespace 'global.NodeJS' has no exported member 'Timeout'.\r",
        "components/UIFrameGuardedErrorBoundary.tsx(3,35): error TS2307: Cannot find module '../services/ErrorDetectionUtility' or its corresponding type declarations.\r",
        "components/UIFrameGuardedErrorBoundary.tsx(4,56): error TS2307: Cannot find module '../services/DiagnosticService' or its corresponding type declarations.\r",
        "components/UIFrameGuardedErrorBoundary.tsx(115,58): error TS7006: Parameter 'component' implicitly has an 'any' type.\r",
        "components/UIFrameGuardedErrorBoundary.tsx(115,69): error TS7006: Parameter 'index' implicitly has an 'any' type.\r",
        "components/UIFrameGuardedErrorBoundary.tsx(123,55): error TS7006: Parameter 'cause' implicitly has an 'any' type.\r",
        "components/UIFrameGuardedErrorBoundary.tsx(123,62): error TS7006: Parameter 'index' implicitly has an 'any' type.\r",
        "components/UIFrameGuardedErrorBoundary.tsx(133,66): error TS7006: Parameter 'fix' implicitly has an 'any' type.\r",
        "components/UIFrameGuardedErrorBoundary.tsx(133,71): error TS7006: Parameter 'index' implicitly has an 'any' type.\r",
        "firebaseConfig.ts(3,56): error TS2305: Module '\"firebase/auth\"' has no exported member 'getReactNativePersistence'.\r",
        "hooks/useOfflineOperations.ts(33,9): error TS2353: Object literal may only specify known properties, and 'priority' does not exist in type 'Omit<SyncQueueItem, \"id\" | \"timestamp\" | \"retryCount\" | \"status\" | \"priority\">'.\r",
        "hooks/useOfflineOperations.ts(88,9): error TS2353: Object literal may only specify known properties, and 'priority' does not exist in type 'Omit<SyncQueueItem, \"id\" | \"timestamp\" | \"retryCount\" | \"status\" | \"priority\">'.\r",
        "schemas/__tests__/client-creation-comprehensive.test.ts(12,22): error TS2307: Cannot find module '@jest/globals' or its corresponding type declarations.\r",
        "schemas/__tests__/client-creation-comprehensive.test.ts(85,35): error TS2339: Property 'getInstance' does not exist on type 'typeof ClientService'.\r",
        "schemas/__tests__/client-creation-comprehensive.test.ts(105,9): error TS2353: Object literal may only specify known properties, and 'email' does not exist in type 'CreateClientData'.\r",
        "schemas/__tests__/client-creation-comprehensive.test.ts(113,71): error TS2554: Expected 1 arguments, but got 2.\r",
        "schemas/__tests__/client-creation-comprehensive.test.ts(145,9): error TS2353: Object literal may only specify known properties, and 'activo' does not exist in type 'CreateClientData'.\r",
        "schemas/__tests__/client-creation-comprehensive.test.ts(152,71): error TS2554: Expected 1 arguments, but got 2.\r",
        "schemas/__tests__/client-creation-comprehensive.test.ts(187,11): error TS2353: Object literal may only specify known properties, and 'activo' does not exist in type 'CreateClientData'.\r",
        "schemas/__tests__/client-creation-comprehensive.test.ts(194,73): error TS2554: Expected 1 arguments, but got 2.\r",
        "schemas/__tests__/client-creation-comprehensive.test.ts(210,9): error TS2353: Object literal may only specify known properties, and 'activo' does not exist in type 'CreateClientData'.\r",
        "schemas/__tests__/client-creation-comprehensive.test.ts(217,71): error TS2554: Expected 1 arguments, but got 2.\r",
        "schemas/__tests__/client-creation-comprehensive.test.ts(232,9): error TS2353: Object literal may only specify known properties, and 'activo' does not exist in type 'CreateClientData'.\r",
        "schemas/__tests__/client-creation-comprehensive.test.ts(239,71): error TS2554: Expected 1 arguments, but got 2.\r",
        "schemas/__tests__/client-creation-comprehensive.test.ts(262,11): error TS2353: Object literal may only specify known properties, and 'email' does not exist in type 'CreateClientData'.\r",
        "schemas/__tests__/client-creation-comprehensive.test.ts(270,73): error TS2554: Expected 1 arguments, but got 2.\r",
        "schemas/__tests__/client-creation-comprehensive.test.ts(289,9): error TS2353: Object literal may only specify known properties, and 'activo' does not exist in type 'CreateClientData'.\r",
        "schemas/__tests__/client-creation-comprehensive.test.ts(292,71): error TS2554: Expected 1 arguments, but got 2.\r",
        "schemas/__tests__/client-creation-comprehensive.test.ts(295,21): error TS2339: Property 'errorType' does not exist on type 'ServiceResponse<string>'.\r",
        "schemas/__tests__/client-creation-comprehensive.test.ts(303,9): error TS2353: Object literal may only specify known properties, and 'activo' does not exist in type 'CreateClientData'.\r",
        "schemas/__tests__/client-creation-comprehensive.test.ts(306,71): error TS2554: Expected 1 arguments, but got 2.\r",
        "schemas/__tests__/client-creation-comprehensive.test.ts(309,21): error TS2339: Property 'errorType' does not exist on type 'ServiceResponse<string>'.\r",
        "schemas/__tests__/client-creation-comprehensive.test.ts(316,9): error TS2353: Object literal may only specify known properties, and 'activo' does not exist in type 'CreateClientData'.\r",
        "schemas/__tests__/client-creation-comprehensive.test.ts(319,71): error TS2554: Expected 1 arguments, but got 2.\r",
        "schemas/__tests__/client-creation-comprehensive.test.ts(322,21): error TS2339: Property 'errorType' does not exist on type 'ServiceResponse<string>'.\r",
        "schemas/__tests__/client-creation-comprehensive.test.ts(340,11): error TS2353: Object literal may only specify known properties, and 'activo' does not exist in type 'CreateClientData'.\r",
        "schemas/__tests__/client-creation-comprehensive.test.ts(343,73): error TS2554: Expected 1 arguments, but got 2.\r",
        "schemas/__tests__/client-creation-comprehensive.test.ts(346,23): error TS2339: Property 'errorType' does not exist on type 'ServiceResponse<string>'.\r",
        "schemas/__tests__/client-creation-comprehensive.test.ts(366,11): error TS2353: Object literal may only specify known properties, and 'email' does not exist in type 'CreateClientData'.\r",
        "schemas/__tests__/client-creation-comprehensive.test.ts(370,73): error TS2554: Expected 1 arguments, but got 2.\r",
        "schemas/__tests__/client-creation-comprehensive.test.ts(373,23): error TS2339: Property 'errorType' does not exist on type 'ServiceResponse<string>'.\r",
        "schemas/__tests__/client-creation-comprehensive.test.ts(382,9): error TS2353: Object literal may only specify known properties, and 'activo' does not exist in type 'CreateClientData'.\r",
        "schemas/__tests__/client-creation-comprehensive.test.ts(385,71): error TS2554: Expected 1 arguments, but got 2.\r",
        "schemas/__tests__/client-creation-comprehensive.test.ts(388,21): error TS2339: Property 'errorType' does not exist on type 'ServiceResponse<string>'.\r",
        "schemas/__tests__/client-creation-comprehensive.test.ts(395,9): error TS2353: Object literal may only specify known properties, and 'activo' does not exist in type 'CreateClientData'.\r",
        "schemas/__tests__/client-creation-comprehensive.test.ts(398,59): error TS2554: Expected 1 arguments, but got 2.\r",
        "schemas/__tests__/client-creation-comprehensive.test.ts(401,21): error TS2339: Property 'errorType' does not exist on type 'ServiceResponse<string>'.\r",
        "schemas/__tests__/client-creation-comprehensive.test.ts(414,73): error TS2554: Expected 1 arguments, but got 2.\r",
        "schemas/__tests__/client-creation-comprehensive.test.ts(417,23): error TS2339: Property 'errorType' does not exist on type 'ServiceResponse<string>'.\r",
        "schemas/__tests__/client-creation-comprehensive.test.ts(428,7): error TS2353: Object literal may only specify known properties, and 'activo' does not exist in type 'CreateClientData'.\r",
        "schemas/__tests__/client-creation-comprehensive.test.ts(437,71): error TS2554: Expected 1 arguments, but got 2.\r",
        "schemas/__tests__/client-creation-comprehensive.test.ts(440,21): error TS2339: Property 'errorType' does not exist on type 'ServiceResponse<string>'.\r",
        "schemas/__tests__/client-creation-comprehensive.test.ts(441,21): error TS2339: Property 'retryable' does not exist on type 'ServiceResponse<string>'.\r",
        "schemas/__tests__/client-creation-comprehensive.test.ts(454,71): error TS2554: Expected 1 arguments, but got 2.\r",
        "schemas/__tests__/client-creation-comprehensive.test.ts(457,21): error TS2339: Property 'errorType' does not exist on type 'ServiceResponse<string>'.\r",
        "schemas/__tests__/client-creation-comprehensive.test.ts(458,21): error TS2339: Property 'retryable' does not exist on type 'ServiceResponse<string>'.\r",
        "schemas/__tests__/client-creation-comprehensive.test.ts(471,71): error TS2554: Expected 1 arguments, but got 2.\r",
        "schemas/__tests__/client-creation-comprehensive.test.ts(474,21): error TS2339: Property 'errorType' does not exist on type 'ServiceResponse<string>'.\r",
        "schemas/__tests__/client-creation-comprehensive.test.ts(475,21): error TS2339: Property 'retryable' does not exist on type 'ServiceResponse<string>'.\r",
        "schemas/__tests__/client-creation-comprehensive.test.ts(488,71): error TS2554: Expected 1 arguments, but got 2.\r",
        "schemas/__tests__/client-creation-comprehensive.test.ts(506,71): error TS2554: Expected 1 arguments, but got 2.\r",
        "schemas/__tests__/client-creation-comprehensive.test.ts(519,71): error TS2554: Expected 1 arguments, but got 2.\r",
        "schemas/__tests__/client-creation-comprehensive.test.ts(522,21): error TS2339: Property 'errorType' does not exist on type 'ServiceResponse<string>'.\r",
        "schemas/__tests__/client-creation-comprehensive.test.ts(532,71): error TS2554: Expected 1 arguments, but got 2.\r",
        "schemas/__tests__/client-creation-comprehensive.test.ts(535,21): error TS2339: Property 'errorType' does not exist on type 'ServiceResponse<string>'.\r",
        "schemas/__tests__/client-creation-comprehensive.test.ts(536,21): error TS2339: Property 'retryable' does not exist on type 'ServiceResponse<string>'.\r",
        "schemas/__tests__/client-creation-comprehensive.test.ts(545,71): error TS2554: Expected 1 arguments, but got 2.\r",
        "schemas/__tests__/client-creation-comprehensive.test.ts(548,21): error TS2339: Property 'errorType' does not exist on type 'ServiceResponse<string>'.\r",
        "schemas/__tests__/client-creation-comprehensive.test.ts(549,21): error TS2339: Property 'retryable' does not exist on type 'ServiceResponse<string>'.\r",
        "schemas/__tests__/client-creation-comprehensive.test.ts(559,9): error TS2353: Object literal may only specify known properties, and 'activo' does not exist in type 'CreateClientData'.\r",
        "schemas/__tests__/client-creation-comprehensive.test.ts(566,71): error TS2554: Expected 1 arguments, but got 2.\r",
        "schemas/__tests__/client-creation-comprehensive.test.ts(569,21): error TS2339: Property 'errorType' does not exist on type 'ServiceResponse<string>'.\r",
        "schemas/__tests__/client-creation-comprehensive.test.ts(575,9): error TS2353: Object literal may only specify known properties, and 'activo' does not exist in type 'CreateClientData'.\r",
        "schemas/__tests__/client-creation-comprehensive.test.ts(582,71): error TS2554: Expected 1 arguments, but got 2.\r",
        "schemas/__tests__/client-creation-comprehensive.test.ts(585,21): error TS2339: Property 'errorType' does not exist on type 'ServiceResponse<string>'.\r",
        "schemas/__tests__/client-creation-comprehensive.test.ts(595,9): error TS2353: Object literal may only specify known properties, and 'activo' does not exist in type 'CreateClientData'.\r",
        "schemas/__tests__/client-creation-comprehensive.test.ts(602,71): error TS2554: Expected 1 arguments, but got 2.\r",
        "schemas/__tests__/client-creation-comprehensive.test.ts(605,21): error TS2339: Property 'errorType' does not exist on type 'ServiceResponse<string>'.\r",
        "schemas/__tests__/client-creation-comprehensive.test.ts(611,9): error TS2353: Object literal may only specify known properties, and 'activo' does not exist in type 'CreateClientData'.\r",
        "schemas/__tests__/client-creation-comprehensive.test.ts(619,71): error TS2554: Expected 1 arguments, but got 2.\r",
        "schemas/__tests__/client-creation-comprehensive.test.ts(622,21): error TS2339: Property 'errorType' does not exist on type 'ServiceResponse<string>'.\r",
        "schemas/__tests__/client-creation-comprehensive.test.ts(631,9): error TS2353: Object literal may only specify known properties, and 'email' does not exist in type 'CreateClientData'.\r",
        "schemas/__tests__/client-creation-comprehensive.test.ts(644,9): error TS2353: Object literal may only specify known properties, and 'email' does not exist in type 'CreateClientData'.\r",
        "schemas/__tests__/client-creation-comprehensive.test.ts(667,11): error TS2353: Object literal may only specify known properties, and 'activo' does not exist in type 'CreateClientData'.\r",
        "schemas/__tests__/client-creation-comprehensive.test.ts(688,11): error TS2353: Object literal may only specify known properties, and 'email' does not exist in type 'CreateClientData'.\r",
        "schemas/__tests__/client-creation-comprehensive.test.ts(703,7): error TS2353: Object literal may only specify known properties, and 'activo' does not exist in type 'CreateClientData'.\r",
        "schemas/__tests__/client-creation-comprehensive.test.ts(711,56): error TS2554: Expected 1 arguments, but got 2.\r",
        "schemas/__tests__/client-creation-comprehensive.test.ts(735,9): error TS2353: Object literal may only specify known properties, and 'activo' does not exist in type 'CreateClientData'.\r",
        "schemas/__tests__/client-creation-comprehensive.test.ts(738,56): error TS2554: Expected 1 arguments, but got 2.\r",
        "schemas/__tests__/client-creation-comprehensive.test.ts(754,56): error TS2554: Expected 1 arguments, but got 2.\r",
        "schemas/__tests__/client-creation-comprehensive.test.ts(773,9): error TS2353: Object literal may only specify known properties, and 'email' does not exist in type 'CreateClientData'.\r",
        "schemas/__tests__/client-creation-comprehensive.test.ts(782,56): error TS2554: Expected 1 arguments, but got 2.\r",
        "schemas/__tests__/creation-integration.test.ts(13,22): error TS2307: Cannot find module '@jest/globals' or its corresponding type declarations.\r",
        "schemas/__tests__/creation-integration.test.ts(95,35): error TS2339: Property 'getInstance' does not exist on type 'typeof ClientService'.\r",
        "schemas/__tests__/creation-integration.test.ts(114,13): error TS2739: Type '{ nombre: string; colorFondo: string; posicion: number; activo: true; }' is missing the following properties from type 'CreateProductData': ultimoCosto, ultimaGanancia\r",
        "schemas/__tests__/creation-integration.test.ts(124,9): error TS2353: Object literal may only specify known properties, and 'activo' does not exist in type 'CreateClientData'.\r",
        "schemas/__tests__/creation-integration.test.ts(135,51): error TS2554: Expected 1 arguments, but got 2.\r",
        "schemas/__tests__/creation-integration.test.ts(146,13): error TS2739: Type '{ nombre: string; colorFondo: string; posicion: number; activo: true; }' is missing the following properties from type 'CreateProductData': ultimoCosto, ultimaGanancia\r",
        "schemas/__tests__/creation-integration.test.ts(155,9): error TS2353: Object literal may only specify known properties, and 'activo' does not exist in type 'CreateClientData'.\r",
        "schemas/__tests__/creation-integration.test.ts(163,51): error TS2554: Expected 1 arguments, but got 2.\r",
        "schemas/__tests__/creation-integration.test.ts(168,27): error TS2339: Property 'errorType' does not exist on type 'ServiceResponse<string>'.\r",
        "schemas/__tests__/creation-integration.test.ts(172,13): error TS2739: Type '{ nombre: string; colorFondo: string; posicion: number; activo: true; }' is missing the following properties from type 'CreateProductData': ultimoCosto, ultimaGanancia\r",
        "schemas/__tests__/creation-integration.test.ts(181,9): error TS2353: Object literal may only specify known properties, and 'activo' does not exist in type 'CreateClientData'.\r",
        "schemas/__tests__/creation-integration.test.ts(190,51): error TS2554: Expected 1 arguments, but got 2.\r",
        "schemas/__tests__/creation-integration.test.ts(194,28): error TS2339: Property 'errorType' does not exist on type 'ServiceResponse<string>'.\r",
        "schemas/__tests__/creation-integration.test.ts(196,27): error TS2339: Property 'errorType' does not exist on type 'ServiceResponse<string>'.\r",
        "schemas/__tests__/creation-integration.test.ts(202,13): error TS2322: Type '{ nombre: string; colorFondo: string; posicion: number; activo: true; }[]' is not assignable to type 'CreateProductData[]'.\r",
        "  Type '{ nombre: string; colorFondo: string; posicion: number; activo: true; }' is missing the following properties from type 'CreateProductData': ultimoCosto, ultimaGanancia\r",
        "schemas/__tests__/creation-integration.test.ts(224,13): error TS2322: Type '{ nombre: string; telefono: string; activo: boolean; }[]' is not assignable to type 'CreateClientData[]'.\r",
        "  Type '{ nombre: string; telefono: string; activo: boolean; }' is missing the following properties from type 'CreateClientData': direccion, oculto\r",
        "schemas/__tests__/creation-integration.test.ts(236,73): error TS2554: Expected 1 arguments, but got 2.\r",
        "schemas/__tests__/creation-integration.test.ts(246,9): error TS2739: Type '{ nombre: string; colorFondo: string; posicion: number; activo: true; }' is missing the following properties from type 'CreateProductData': ultimoCosto, ultimaGanancia\r",
        "schemas/__tests__/creation-integration.test.ts(247,9): error TS2739: Type '{ nombre: string; colorFondo: string; posicion: number; activo: true; }' is missing the following properties from type 'CreateProductData': ultimoCosto, ultimaGanancia\r",
        "schemas/__tests__/creation-integration.test.ts(248,9): error TS2739: Type '{ nombre: string; colorFondo: string; posicion: number; activo: true; }' is missing the following properties from type 'CreateProductData': ultimoCosto, ultimaGanancia\r",
        "schemas/__tests__/creation-integration.test.ts(269,13): error TS2739: Type '{ nombre: string; colorFondo: string; posicion: number; activo: true; }' is missing the following properties from type 'CreateProductData': ultimoCosto, ultimaGanancia\r",
        "schemas/__tests__/creation-integration.test.ts(317,13): error TS2739: Type '{ nombre: string; colorFondo: string; posicion: number; activo: true; }' is missing the following properties from type 'CreateProductData': ultimoCosto, ultimaGanancia\r",
        "schemas/__tests__/creation-integration.test.ts(331,21): error TS2339: Property 'errorType' does not exist on type 'ServiceResponse<string>'.\r",
        "schemas/__tests__/creation-integration.test.ts(332,21): error TS2339: Property 'retryable' does not exist on type 'ServiceResponse<string>'.\r",
        "schemas/__tests__/creation-integration.test.ts(341,13): error TS2322: Type '{ nombre: string; colorFondo: string; posicion: number; activo: true; }[]' is not assignable to type 'CreateProductData[]'.\r",
        "  Type '{ nombre: string; colorFondo: string; posicion: number; activo: true; }' is missing the following properties from type 'CreateProductData': ultimoCosto, ultimaGanancia\r",
        "schemas/__tests__/creation-integration.test.ts(390,76): error TS2345: Argument of type '{ nombre: string; colorFondo: string; posicion: number; activo: boolean; }' is not assignable to parameter of type 'CreateProductData'.\r",
        "  Type '{ nombre: string; colorFondo: string; posicion: number; activo: boolean; }' is missing the following properties from type 'CreateProductData': ultimoCosto, ultimaGanancia\r",
        "schemas/__tests__/creation-integration.test.ts(401,13): error TS2739: Type '{ nombre: string; colorFondo: string; posicion: number; activo: true; }' is missing the following properties from type 'CreateProductData': ultimoCosto, ultimaGanancia\r",
        "schemas/__tests__/creation-integration.test.ts(410,9): error TS2353: Object literal may only specify known properties, and 'activo' does not exist in type 'CreateClientData'.\r",
        "schemas/__tests__/creation-integration.test.ts(417,54): error TS2554: Expected 1 arguments, but got 2.\r",
        "schemas/__tests__/creation-integration.test.ts(421,28): error TS2339: Property 'errorType' does not exist on type 'ServiceResponse<string>'.\r",
        "schemas/__tests__/creation-integration.test.ts(423,27): error TS2339: Property 'errorType' does not exist on type 'ServiceResponse<string>'.\r",
        "schemas/__tests__/creation-integration.test.ts(428,13): error TS2739: Type '{ nombre: string; colorFondo: string; posicion: number; activo: true; }' is missing the following properties from type 'CreateProductData': ultimoCosto, ultimaGanancia\r",
        "schemas/__tests__/creation-integration.test.ts(438,9): error TS2353: Object literal may only specify known properties, and 'activo' does not exist in type 'CreateClientData'.\r",
        "schemas/__tests__/creation-integration.test.ts(445,51): error TS2554: Expected 1 arguments, but got 2.\r",
        "schemas/__tests__/creation-integration.test.ts(455,13): error TS2739: Type '{ nombre: string; colorFondo: string; posicion: number; activo: true; }' is missing the following properties from type 'CreateProductData': ultimoCosto, ultimaGanancia\r",
        "schemas/__tests__/creation-integration.test.ts(464,9): error TS2353: Object literal may only specify known properties, and 'activo' does not exist in type 'CreateClientData'.\r",
        "schemas/__tests__/creation-integration.test.ts(473,51): error TS2554: Expected 1 arguments, but got 2.\r",
        "schemas/__tests__/creation-integration.test.ts(496,13): error TS2739: Type '{ nombre: string; colorFondo: string; posicion: number; activo: true; }' is missing the following properties from type 'CreateProductData': ultimoCosto, ultimaGanancia\r",
        "schemas/__tests__/creation-integration.test.ts(505,9): error TS2353: Object literal may only specify known properties, and 'activo' does not exist in type 'CreateClientData'.\r",
        "schemas/__tests__/creation-integration.test.ts(514,51): error TS2554: Expected 1 arguments, but got 2.\r",
        "schemas/__tests__/creation-integration.test.ts(543,9): error TS2353: Object literal may only specify known properties, and 'email' does not exist in type 'CreateClientData'.\r",
        "schemas/__tests__/creation-integration.test.ts(561,76): error TS2554: Expected 1 arguments, but got 2.\r",
        "schemas/__tests__/creation-integration.test.ts(591,62): error TS2352: Conversion of type '{ nombre: string; colorFondo: string; posicion: number; activo: boolean; telefono?: undefined; } | { nombre: string; activo: boolean; colorFondo?: undefined; posicion?: undefined; telefono?: undefined; } | { ...; }' to type 'CreateClientData' may be a mistake because neither type sufficiently overlaps with the other. If this was intentional, convert the expression to 'unknown' first.\r",
        "  Type '{ nombre: string; telefono: string; activo: boolean; colorFondo?: undefined; posicion?: undefined; }' is missing the following properties from type 'CreateClientData': direccion, oculto\r",
        "schemas/__tests__/creation-integration.test.ts(591,62): error TS2554: Expected 1 arguments, but got 2.\r",
        "schemas/__tests__/debt-calculation.test.ts(41,5): error TS2739: Type '{ toMillis: () => number; toDate: () => Date; now: () => { toMillis: () => number; toDate: () => Date; now: ...; fromDate: (date: Date) => { toMillis: () => number; toDate: () => Date; now: () => ...; fromDate: ...; }; }; fromDate: (date: Date) => { ...; }; }' is missing the following properties from type 'Timestamp': seconds, nanoseconds, isEqual, toJSON\r",
        "schemas/__tests__/debt-calculation.test.ts(50,5): error TS2739: Type '{ toMillis: () => number; toDate: () => Date; now: () => ...; fromDate: (date: Date) => { toMillis: () => number; toDate: () => Date; now: () => ...; fromDate: ...; }; }' is missing the following properties from type 'Timestamp': seconds, nanoseconds, isEqual, toJSON\r",
        "schemas/__tests__/debt-calculation.test.ts(58,5): error TS2739: Type '{ toMillis: () => number; toDate: () => Date; now: () => { toMillis: () => number; toDate: () => Date; now: ...; fromDate: (date: Date) => { toMillis: () => number; toDate: () => Date; now: () => ...; fromDate: ...; }; }; fromDate: (date: Date) => { ...; }; }' is missing the following properties from type 'Timestamp': seconds, nanoseconds, isEqual, toJSON\r",
        "schemas/__tests__/debt-calculation.test.ts(63,5): error TS2739: Type '{ toMillis: () => number; toDate: () => Date; now: () => ...; fromDate: (date: Date) => { toMillis: () => number; toDate: () => Date; now: () => ...; fromDate: ...; }; }' is missing the following properties from type 'Timestamp': seconds, nanoseconds, isEqual, toJSON\r",
        "schemas/__tests__/firebase-integration.test.ts(391,67): error TS2345: Argument of type '{ toMillis: () => number; toDate: () => Date; }' is not assignable to parameter of type 'Timestamp'.\r",
        "  Type '{ toMillis: () => number; toDate: () => Date; }' is missing the following properties from type 'Timestamp': seconds, nanoseconds, isEqual, toJSON\r",
        "schemas/__tests__/firebase-integration.test.ts(408,7): error TS2739: Type '{ toMillis: () => number; toDate: () => Date; }' is missing the following properties from type 'Timestamp': seconds, nanoseconds, isEqual, toJSON\r",
        "schemas/__tests__/firebase-integration.test.ts(419,7): error TS2739: Type '{ toMillis: () => number; toDate: () => Date; }' is missing the following properties from type 'Timestamp': seconds, nanoseconds, isEqual, toJSON\r",
        "schemas/__tests__/firebase-integration.test.ts(689,49): error TS2345: Argument of type '{ nombre: string; colorFondo: string; posicion: number; activo: true; }' is not assignable to parameter of type 'CreateProductData'.\r",
        "  Type '{ nombre: string; colorFondo: string; posicion: number; activo: true; }' is missing the following properties from type 'CreateProductData': ultimoCosto, ultimaGanancia\r",
        "schemas/__tests__/offline-integration.test.ts(1,33): error TS2307: Cannot find module '@testing-library/react-hooks' or its corresponding type declarations.\r",
        "schemas/__tests__/offline-integration.test.ts(40,13): error TS2739: Type '{ nombre: string; colorFondo: string; posicion: number; activo: true; }' is missing the following properties from type 'CreateProductData': ultimoCosto, ultimaGanancia\r",
        "schemas/__tests__/offline-integration.test.ts(70,13): error TS2739: Type '{ nombre: string; colorFondo: string; posicion: number; activo: true; }' is missing the following properties from type 'CreateProductData': ultimoCosto, ultimaGanancia\r",
        "schemas/__tests__/offline-integration.test.ts(179,13): error TS2739: Type '{ nombre: string; colorFondo: string; posicion: number; activo: true; }' is missing the following properties from type 'CreateProductData': ultimoCosto, ultimaGanancia\r",
        "schemas/__tests__/offline-integration.test.ts(213,14): error TS18048: 'syncResult' is possibly 'undefined'.\r",
        "schemas/__tests__/offline-integration.test.ts(214,14): error TS18048: 'syncResult' is possibly 'undefined'.\r",
        "schemas/__tests__/offline-integration.test.ts(215,14): error TS18048: 'syncResult' is possibly 'undefined'.\r",
        "schemas/__tests__/offline-integration.test.ts(273,14): error TS18048: 'syncResult' is possibly 'undefined'.\r",
        "schemas/__tests__/offline-integration.test.ts(274,14): error TS18048: 'syncResult' is possibly 'undefined'.\r",
        "schemas/__tests__/offline-integration.test.ts(275,14): error TS18048: 'syncResult' is possibly 'undefined'.\r",
        "schemas/__tests__/offline-integration.test.ts(302,14): error TS18048: 'syncStatus' is possibly 'undefined'.\r",
        "schemas/__tests__/offline-integration.test.ts(385,14): error TS18048: 'firstSyncResult' is possibly 'undefined'.\r",
        "schemas/__tests__/offline-integration.test.ts(386,14): error TS18048: 'firstSyncResult' is possibly 'undefined'.\r",
        "schemas/__tests__/offline-integration.test.ts(394,14): error TS18048: 'secondSyncResult' is possibly 'undefined'.\r",
        "schemas/__tests__/offline-integration.test.ts(395,14): error TS18048: 'secondSyncResult' is possibly 'undefined'.\r",
        "schemas/__tests__/offline-integration.test.ts(466,14): error TS18048: 'syncResult' is possibly 'undefined'.\r",
        "schemas/__tests__/offline-integration.test.ts(467,14): error TS18048: 'syncResult' is possibly 'undefined'.\r",
        "schemas/__tests__/offline-integration.test.ts(490,9): error TS2353: Object literal may only specify known properties, and 'priority' does not exist in type 'Omit<SyncQueueItem, \"id\" | \"timestamp\" | \"retryCount\" | \"status\" | \"priority\">'.\r",
        "schemas/__tests__/offline-integration.test.ts(499,9): error TS2353: Object literal may only specify known properties, and 'priority' does not exist in type 'Omit<SyncQueueItem, \"id\" | \"timestamp\" | \"retryCount\" | \"status\" | \"priority\">'.\r",
        "schemas/__tests__/offline-sync.test.ts(348,57): error TS2345: Argument of type '{ id: string; nombre: string; colorFondo: string; posicion: number; activo: boolean; }[]' is not assignable to parameter of type 'Product[]'.\r",
        "  Type '{ id: string; nombre: string; colorFondo: string; posicion: number; activo: boolean; }' is missing the following properties from type 'Product': ultimoCosto, ultimaGanancia, creado\r",
        "schemas/__tests__/offline-sync.test.ts(372,56): error TS2345: Argument of type '{ id: string; nombre: string; direccion: string; telefono: string; oculto: boolean; deudaActual: number; }[]' is not assignable to parameter of type 'Client[]'.\r",
        "  Property 'creado' is missing in type '{ id: string; nombre: string; direccion: string; telefono: string; oculto: boolean; deudaActual: number; }' but required in type 'Client'.\r",
        "schemas/__tests__/post-migration-crud-simple.test.ts(112,44): error TS2339: Property 'validateCompanyName' does not exist on type 'CompanyService'.\r",
        "schemas/__tests__/post-migration-crud-simple.test.ts(116,44): error TS2339: Property 'validateCompanyName' does not exist on type 'CompanyService'.\r",
        "schemas/__tests__/post-migration-crud-simple.test.ts(120,44): error TS2339: Property 'validateCompanyName' does not exist on type 'CompanyService'.\r",
        "schemas/__tests__/post-migration-crud-simple.test.ts(124,44): error TS2339: Property 'validateCompanyName' does not exist on type 'CompanyService'.\r",
        "schemas/__tests__/post-migration-crud-simple.test.ts(255,39): error TS2339: Property 'validateProductForManagement' does not exist on type 'ProductService'.\r",
        "schemas/__tests__/post-migration-crud-simple.test.ts(272,39): error TS2339: Property 'validateProductForManagement' does not exist on type 'ProductService'.\r",
        "schemas/__tests__/post-migration-crud-simple.test.ts(274,35): error TS7006: Parameter 'error' implicitly has an 'any' type.\r",
        "schemas/__tests__/post-migration-crud-simple.test.ts(289,39): error TS2339: Property 'validateProductForManagement' does not exist on type 'ProductService'.\r",
        "schemas/__tests__/post-migration-crud-simple.test.ts(291,35): error TS7006: Parameter 'error' implicitly has an 'any' type.\r",
        "schemas/__tests__/post-migration-crud-simple.test.ts(306,39): error TS2339: Property 'validateProductForManagement' does not exist on type 'ProductService'.\r",
        "schemas/__tests__/post-migration-crud-simple.test.ts(308,35): error TS7006: Parameter 'error' implicitly has an 'any' type.\r",
        "schemas/__tests__/post-migration-crud-simple.test.ts(309,35): error TS7006: Parameter 'error' implicitly has an 'any' type.\r",
        "schemas/__tests__/post-migration-crud-simple.test.ts(336,39): error TS2339: Property 'validateProductListForManagement' does not exist on type 'ProductService'.\r",
        "schemas/__tests__/post-migration-crud-simple.test.ts(365,39): error TS2339: Property 'validateProductListForManagement' does not exist on type 'ProductService'.\r",
        "schemas/__tests__/post-migration-crud-simple.test.ts(367,35): error TS7006: Parameter 'error' implicitly has an 'any' type.\r",
        "schemas/__tests__/post-migration-crud-simple.test.ts(394,39): error TS2339: Property 'validateProductListForManagement' does not exist on type 'ProductService'.\r",
        "schemas/__tests__/post-migration-crud-simple.test.ts(396,35): error TS7006: Parameter 'error' implicitly has an 'any' type.\r",
        "schemas/__tests__/post-migration-crud-validation.test.ts(152,9): error TS2304: Cannot find name 'vi'.\r",
        "schemas/__tests__/post-migration-crud-validation.test.ts(166,9): error TS2304: Cannot find name 'vi'.\r",
        "schemas/__tests__/post-migration-crud-validation.test.ts(186,9): error TS2304: Cannot find name 'vi'.\r",
        "schemas/__tests__/post-migration-crud-validation.test.ts(188,28): error TS2304: Cannot find name 'vi'.\r",
        "schemas/__tests__/post-migration-crud-validation.test.ts(208,9): error TS2304: Cannot find name 'vi'.\r",
        "schemas/__tests__/post-migration-crud-validation.test.ts(247,9): error TS2304: Cannot find name 'vi'.\r",
        "schemas/__tests__/post-migration-crud-validation.test.ts(252,45): error TS2551: Property 'updateCompanyName' does not exist on type 'CompanyService'. Did you mean 'updateCompany'?\r",
        "schemas/__tests__/post-migration-crud-validation.test.ts(271,9): error TS2304: Cannot find name 'vi'.\r",
        "schemas/__tests__/post-migration-crud-validation.test.ts(274,45): error TS2339: Property 'validateCompanyStructure' does not exist on type 'CompanyService'.\r",
        "schemas/__tests__/post-migration-crud-validation.test.ts(292,9): error TS2304: Cannot find name 'vi'.\r",
        "schemas/__tests__/post-migration-crud-validation.test.ts(295,45): error TS2339: Property 'validateCompanyStructure' does not exist on type 'CompanyService'.\r",
        "schemas/__tests__/post-migration-crud-validation.test.ts(310,9): error TS2304: Cannot find name 'vi'.\r",
        "schemas/__tests__/post-migration-crud-validation.test.ts(384,9): error TS2304: Cannot find name 'vi'.\r",
        "schemas/__tests__/post-migration-crud-validation.test.ts(428,9): error TS2304: Cannot find name 'vi'.\r",
        "schemas/__tests__/post-migration-crud-validation.test.ts(458,9): error TS2304: Cannot find name 'vi'.\r",
        "schemas/__tests__/post-migration-crud-validation.test.ts(460,28): error TS2304: Cannot find name 'vi'.\r",
        "schemas/__tests__/post-migration-crud-validation.test.ts(483,9): error TS2304: Cannot find name 'vi'.\r",
        "schemas/__tests__/post-migration-crud-validation.test.ts(557,9): error TS2304: Cannot find name 'vi'.\r",
        "schemas/__tests__/post-migration-crud-validation.test.ts(577,9): error TS2304: Cannot find name 'vi'.\r",
        "schemas/__tests__/post-migration-crud-validation.test.ts(603,39): error TS2339: Property 'validateProductForManagement' does not exist on type 'ProductService'.\r",
        "schemas/__tests__/post-migration-crud-validation.test.ts(624,39): error TS2339: Property 'validateProductForManagement' does not exist on type 'ProductService'.\r",
        "schemas/__tests__/post-migration-crud-validation.test.ts(628,35): error TS7006: Parameter 'error' implicitly has an 'any' type.\r",
        "schemas/__tests__/post-migration-crud-validation.test.ts(645,39): error TS2339: Property 'validateProductForManagement' does not exist on type 'ProductService'.\r",
        "schemas/__tests__/post-migration-crud-validation.test.ts(649,35): error TS7006: Parameter 'error' implicitly has an 'any' type.\r",
        "schemas/__tests__/post-migration-crud-validation.test.ts(666,39): error TS2339: Property 'validateProductForManagement' does not exist on type 'ProductService'.\r",
        "schemas/__tests__/post-migration-crud-validation.test.ts(670,35): error TS7006: Parameter 'error' implicitly has an 'any' type.\r",
        "schemas/__tests__/post-migration-crud-validation.test.ts(671,35): error TS7006: Parameter 'error' implicitly has an 'any' type.\r",
        "schemas/__tests__/post-migration-crud-validation.test.ts(700,39): error TS2339: Property 'validateProductListForManagement' does not exist on type 'ProductService'.\r",
        "schemas/__tests__/post-migration-crud-validation.test.ts(733,39): error TS2339: Property 'validateProductListForManagement' does not exist on type 'ProductService'.\r",
        "schemas/__tests__/post-migration-crud-validation.test.ts(737,35): error TS7006: Parameter 'error' implicitly has an 'any' type.\r",
        "schemas/__tests__/post-migration-crud-validation.test.ts(766,39): error TS2339: Property 'validateProductListForManagement' does not exist on type 'ProductService'.\r",
        "schemas/__tests__/post-migration-crud-validation.test.ts(770,35): error TS7006: Parameter 'error' implicitly has an 'any' type.\r",
        "schemas/__tests__/post-migration-crud-validation.test.ts(778,9): error TS2304: Cannot find name 'vi'.\r",
        "schemas/__tests__/post-migration-crud-validation.test.ts(804,45): error TS2339: Property 'reorderProducts' does not exist on type 'ProductService'.\r",
        "schemas/__tests__/post-migration-crud-validation.test.ts(816,9): error TS2304: Cannot find name 'vi'.\r",
        "schemas/__tests__/post-migration-crud-validation.test.ts(831,28): error TS2304: Cannot find name 'vi'.\r",
        "schemas/__tests__/post-migration-crud-validation.test.ts(834,45): error TS2339: Property 'reorderProducts' does not exist on type 'ProductService'.\r",
        "schemas/__tests__/post-migration-crud-validation.test.ts(862,45): error TS2339: Property 'reorderProducts' does not exist on type 'ProductService'.\r",
        "schemas/__tests__/post-migration-crud-validation.test.ts(876,7): error TS2304: Cannot find name 'vi'.\r",
        "schemas/__tests__/post-migration-crud-validation.test.ts(890,7): error TS2304: Cannot find name 'vi'.\r",
        "schemas/__tests__/post-migration-crud-validation.test.ts(919,7): error TS2304: Cannot find name 'vi'.\r",
        "schemas/__tests__/product-creation-comprehensive.test.ts(12,22): error TS2307: Cannot find module '@jest/globals' or its corresponding type declarations.\r",
        "schemas/__tests__/product-creation-comprehensive.test.ts(144,13): error TS2739: Type '{ nombre: string; colorFondo: string; posicion: number; activo: true; }' is missing the following properties from type 'CreateProductData': ultimoCosto, ultimaGanancia\r",
        "schemas/__tests__/product-creation-comprehensive.test.ts(203,13): error TS2739: Type '{ nombre: string; colorFondo: string; posicion: number; activo: true; }' is missing the following properties from type 'CreateProductData': ultimoCosto, ultimaGanancia\r",
        "schemas/__tests__/product-creation-comprehensive.test.ts(226,13): error TS2739: Type '{ nombre: string; colorFondo: string; posicion: number; activo: true; }' is missing the following properties from type 'CreateProductData': ultimoCosto, ultimaGanancia\r",
        "schemas/__tests__/product-creation-comprehensive.test.ts(253,13): error TS2739: Type '{ nombre: string; colorFondo: string; posicion: number; activo: true; }' is missing the following properties from type 'CreateProductData': ultimoCosto, ultimaGanancia\r",
        "schemas/__tests__/product-creation-comprehensive.test.ts(263,21): error TS2339: Property 'errorType' does not exist on type 'ServiceResponse<string>'.\r",
        "schemas/__tests__/product-creation-comprehensive.test.ts(269,13): error TS2739: Type '{ nombre: string; colorFondo: string; posicion: number; activo: true; }' is missing the following properties from type 'CreateProductData': ultimoCosto, ultimaGanancia\r",
        "schemas/__tests__/product-creation-comprehensive.test.ts(279,21): error TS2339: Property 'errorType' does not exist on type 'ServiceResponse<string>'.\r",
        "schemas/__tests__/product-creation-comprehensive.test.ts(284,13): error TS2739: Type '{ nombre: string; colorFondo: string; posicion: number; activo: true; }' is missing the following properties from type 'CreateProductData': ultimoCosto, ultimaGanancia\r",
        "schemas/__tests__/product-creation-comprehensive.test.ts(294,21): error TS2339: Property 'errorType' does not exist on type 'ServiceResponse<string>'.\r",
        "schemas/__tests__/product-creation-comprehensive.test.ts(299,13): error TS2739: Type '{ nombre: string; colorFondo: string; posicion: number; activo: true; }' is missing the following properties from type 'CreateProductData': ultimoCosto, ultimaGanancia\r",
        "schemas/__tests__/product-creation-comprehensive.test.ts(309,21): error TS2339: Property 'errorType' does not exist on type 'ServiceResponse<string>'.\r",
        "schemas/__tests__/product-creation-comprehensive.test.ts(326,21): error TS2339: Property 'errorType' does not exist on type 'ServiceResponse<string>'.\r",
        "schemas/__tests__/product-creation-comprehensive.test.ts(331,13): error TS2739: Type '{ nombre: string; colorFondo: string; posicion: number; activo: true; }' is missing the following properties from type 'CreateProductData': ultimoCosto, ultimaGanancia\r",
        "schemas/__tests__/product-creation-comprehensive.test.ts(341,21): error TS2339: Property 'errorType' does not exist on type 'ServiceResponse<string>'.\r",
        "schemas/__tests__/product-creation-comprehensive.test.ts(346,13): error TS2739: Type '{ nombre: string; colorFondo: string; posicion: number; activo: true; }' is missing the following properties from type 'CreateProductData': ultimoCosto, ultimaGanancia\r",
        "schemas/__tests__/product-creation-comprehensive.test.ts(356,21): error TS2339: Property 'errorType' does not exist on type 'ServiceResponse<string>'.\r",
        "schemas/__tests__/product-creation-comprehensive.test.ts(363,11): error TS2739: Type '{ nombre: string; colorFondo: string; posicion: number; activo: true; }' is missing the following properties from type 'CreateProductData': ultimoCosto, ultimaGanancia\r",
        "schemas/__tests__/product-creation-comprehensive.test.ts(379,21): error TS2339: Property 'errorType' does not exist on type 'ServiceResponse<string>'.\r",
        "schemas/__tests__/product-creation-comprehensive.test.ts(380,21): error TS2339: Property 'retryable' does not exist on type 'ServiceResponse<string>'.\r",
        "schemas/__tests__/product-creation-comprehensive.test.ts(396,21): error TS2339: Property 'errorType' does not exist on type 'ServiceResponse<string>'.\r",
        "schemas/__tests__/product-creation-comprehensive.test.ts(397,21): error TS2339: Property 'retryable' does not exist on type 'ServiceResponse<string>'.\r",
        "schemas/__tests__/product-creation-comprehensive.test.ts(413,21): error TS2339: Property 'errorType' does not exist on type 'ServiceResponse<string>'.\r",
        "schemas/__tests__/product-creation-comprehensive.test.ts(414,21): error TS2339: Property 'retryable' does not exist on type 'ServiceResponse<string>'.\r",
        "schemas/__tests__/product-creation-comprehensive.test.ts(461,21): error TS2339: Property 'errorType' does not exist on type 'ServiceResponse<string>'.\r",
        "schemas/__tests__/product-creation-comprehensive.test.ts(474,21): error TS2339: Property 'errorType' does not exist on type 'ServiceResponse<string>'.\r",
        "schemas/__tests__/product-creation-comprehensive.test.ts(475,21): error TS2339: Property 'retryable' does not exist on type 'ServiceResponse<string>'.\r",
        "schemas/__tests__/product-creation-comprehensive.test.ts(511,13): error TS2739: Type '{ nombre: string; colorFondo: string; posicion: number; activo: true; }' is missing the following properties from type 'CreateProductData': ultimoCosto, ultimaGanancia\r",
        "schemas/__tests__/product-creation-comprehensive.test.ts(525,21): error TS2339: Property 'errorType' does not exist on type 'ServiceResponse<string>'.\r",
        "schemas/__tests__/product-creation-comprehensive.test.ts(529,13): error TS2739: Type '{ nombre: string; colorFondo: string; posicion: number; activo: true; }' is missing the following properties from type 'CreateProductData': ultimoCosto, ultimaGanancia\r",
        "schemas/__tests__/product-creation-comprehensive.test.ts(543,21): error TS2339: Property 'errorType' does not exist on type 'ServiceResponse<string>'.\r",
        "schemas/__tests__/product-creation-comprehensive.test.ts(553,13): error TS2739: Type '{ nombre: string; colorFondo: string; posicion: number; activo: true; }' is missing the following properties from type 'CreateProductData': ultimoCosto, ultimaGanancia\r",
        "schemas/__tests__/product-creation-comprehensive.test.ts(566,13): error TS2739: Type '{ nombre: string; colorFondo: string; posicion: number; activo: true; }' is missing the following properties from type 'CreateProductData': ultimoCosto, ultimaGanancia\r",
        "schemas/__tests__/product-creation-comprehensive.test.ts(581,11): error TS2739: Type '{ nombre: string; colorFondo: string; posicion: number; activo: true; }' is missing the following properties from type 'CreateProductData': ultimoCosto, ultimaGanancia\r",
        "schemas/__tests__/product-creation-comprehensive.test.ts(615,13): error TS2739: Type '{ nombre: string; colorFondo: string; posicion: number; activo: true; }' is missing the following properties from type 'CreateProductData': ultimoCosto, ultimaGanancia\r",
        "schemas/__tests__/product-creation-debug.test.ts(105,13): error TS2739: Type '{ nombre: string; colorFondo: string; posicion: number; activo: true; }' is missing the following properties from type 'CreateProductData': ultimoCosto, ultimaGanancia\r",
        "schemas/__tests__/product-creation-debug.test.ts(207,13): error TS2739: Type '{ nombre: string; colorFondo: string; posicion: number; activo: true; }' is missing the following properties from type 'CreateProductData': ultimoCosto, ultimaGanancia\r",
        "schemas/__tests__/product-creation-debug.test.ts(238,13): error TS2739: Type '{ nombre: string; colorFondo: string; posicion: number; activo: true; }' is missing the following properties from type 'CreateProductData': ultimoCosto, ultimaGanancia\r",
        "schemas/__tests__/product-creation-debug.test.ts(301,47): error TS2345: Argument of type '{ nombre: string; colorFondo: string; posicion: number; activo: true; }' is not assignable to parameter of type 'CreateProductData'.\r",
        "  Type '{ nombre: string; colorFondo: string; posicion: number; activo: true; }' is missing the following properties from type 'CreateProductData': ultimoCosto, ultimaGanancia\r",
        "schemas/__tests__/product-creation-debug.test.ts(321,48): error TS2345: Argument of type '{ nombre: string; colorFondo: string; posicion: number; activo: true; }' is not assignable to parameter of type 'CreateProductData'.\r",
        "  Type '{ nombre: string; colorFondo: string; posicion: number; activo: true; }' is missing the following properties from type 'CreateProductData': ultimoCosto, ultimaGanancia\r",
        "schemas/__tests__/transaction-events.test.ts(49,9): error TS2739: Type '{ toMillis: () => number; toDate: () => Date; now: () => ...; fromDate: (date: Date) => { toMillis: () => number; toDate: () => Date; now: () => ...; fromDate: ...; }; }' is missing the following properties from type 'Timestamp': seconds, nanoseconds, isEqual, toJSON\r",
        "schemas/__tests__/transaction-events.test.ts(66,9): error TS2739: Type '{ toMillis: () => number; toDate: () => Date; now: () => ...; fromDate: (date: Date) => { toMillis: () => number; toDate: () => Date; now: () => ...; fromDate: ...; }; }' is missing the following properties from type 'Timestamp': seconds, nanoseconds, isEqual, toJSON\r",
        "schemas/__tests__/transaction-events.test.ts(83,9): error TS2739: Type '{ toMillis: () => number; toDate: () => Date; now: () => ...; fromDate: (date: Date) => { toMillis: () => number; toDate: () => Date; now: () => ...; fromDate: ...; }; }' is missing the following properties from type 'Timestamp': seconds, nanoseconds, isEqual, toJSON\r",
        "schemas/__tests__/transaction-events.test.ts(96,9): error TS2739: Type '{ toMillis: () => number; toDate: () => Date; now: () => ...; fromDate: (date: Date) => { toMillis: () => number; toDate: () => Date; now: () => ...; fromDate: ...; }; }' is missing the following properties from type 'Timestamp': seconds, nanoseconds, isEqual, toJSON\r",
        "schemas/__tests__/transaction-events.test.ts(196,9): error TS2739: Type '{ toMillis: () => number; toDate: () => Date; now: () => ...; fromDate: (date: Date) => { toMillis: () => number; toDate: () => Date; now: () => ...; fromDate: ...; }; }' is missing the following properties from type 'Timestamp': seconds, nanoseconds, isEqual, toJSON\r",
        "schemas/__tests__/transaction-events.test.ts(212,9): error TS2739: Type '{ toMillis: () => number; toDate: () => Date; now: () => ...; fromDate: (date: Date) => { toMillis: () => number; toDate: () => Date; now: () => ...; fromDate: ...; }; }' is missing the following properties from type 'Timestamp': seconds, nanoseconds, isEqual, toJSON\r",
        "schemas/__tests__/transaction-events.test.ts(235,11): error TS2739: Type '{ toMillis: () => number; toDate: () => Date; now: () => ...; fromDate: (date: Date) => { toMillis: () => number; toDate: () => Date; now: () => ...; fromDate: ...; }; }' is missing the following properties from type 'Timestamp': seconds, nanoseconds, isEqual, toJSON\r",
        "schemas/__tests__/transaction-events.test.ts(248,9): error TS2739: Type '{ toMillis: () => number; toDate: () => Date; now: () => ...; fromDate: (date: Date) => { toMillis: () => number; toDate: () => Date; now: () => ...; fromDate: ...; }; }' is missing the following properties from type 'Timestamp': seconds, nanoseconds, isEqual, toJSON\r",
        "schemas/__tests__/transaction-events.test.ts(265,9): error TS2739: Type '{ toMillis: () => number; toDate: () => Date; now: () => ...; fromDate: (date: Date) => { toMillis: () => number; toDate: () => Date; now: () => ...; fromDate: ...; }; }' is missing the following properties from type 'Timestamp': seconds, nanoseconds, isEqual, toJSON\r",
        "schemas/__tests__/transaction-events.test.ts(284,9): error TS2739: Type '{ toMillis: () => number; toDate: () => Date; now: () => ...; fromDate: (date: Date) => { toMillis: () => number; toDate: () => Date; now: () => ...; fromDate: ...; }; }' is missing the following properties from type 'Timestamp': seconds, nanoseconds, isEqual, toJSON\r",
        "schemas/__tests__/transaction-events.test.ts(308,9): error TS2739: Type '{ toMillis: () => number; toDate: () => Date; now: () => ...; fromDate: (date: Date) => { toMillis: () => number; toDate: () => Date; now: () => ...; fromDate: ...; }; }' is missing the following properties from type 'Timestamp': seconds, nanoseconds, isEqual, toJSON\r",
        "schemas/__tests__/validation.test.ts(121,13): error TS2739: Type '{ nombre: string; colorFondo: string; posicion: number; activo: true; }' is missing the following properties from type 'CreateProductData': ultimoCosto, ultimaGanancia\r",
        "schemas/__tests__/validation.test.ts(135,13): error TS2739: Type '{ nombre: string; colorFondo: string; posicion: number; activo: true; }' is missing the following properties from type 'CreateProductData': ultimoCosto, ultimaGanancia\r",
        "schemas/__tests__/validation.test.ts(148,13): error TS2739: Type '{ nombre: string; colorFondo: string; posicion: number; activo: true; }' is missing the following properties from type 'CreateProductData': ultimoCosto, ultimaGanancia\r",
        "schemas/__tests__/validation.test.ts(179,13): error TS2739: Type '{ nombre: string; colorFondo: string; posicion: number; activo: true; }' is missing the following properties from type 'CreateProductData': ultimoCosto, ultimaGanancia\r",
        "schemas/__tests__/validation.test.ts(200,9): error TS2739: Type '{ toMillis: () => number; toDate: () => Date; now: () => ...; fromDate: (date: Date) => { toMillis: () => number; toDate: () => Date; now: () => ...; fromDate: ...; }; }' is missing the following properties from type 'Timestamp': seconds, nanoseconds, isEqual, toJSON\r",
        "schemas/__tests__/validation.test.ts(282,9): error TS2739: Type '{ toMillis: () => number; toDate: () => Date; now: () => ...; fromDate: (date: Date) => { toMillis: () => number; toDate: () => Date; now: () => ...; fromDate: ...; }; }' is missing the following properties from type 'Timestamp': seconds, nanoseconds, isEqual, toJSON\r",
        "schemas/__tests__/validation.test.ts(302,9): error TS2739: Type '{ toMillis: () => number; toDate: () => Date; now: () => ...; fromDate: (date: Date) => { toMillis: () => number; toDate: () => Date; now: () => ...; fromDate: ...; }; }' is missing the following properties from type 'Timestamp': seconds, nanoseconds, isEqual, toJSON\r",
        "schemas/__tests__/validation.test.ts(320,9): error TS2739: Type '{ toMillis: () => number; toDate: () => Date; now: () => ...; fromDate: (date: Date) => { toMillis: () => number; toDate: () => Date; now: () => ...; fromDate: ...; }; }' is missing the following properties from type 'Timestamp': seconds, nanoseconds, isEqual, toJSON\r",
        "schemas/__tests__/validation.test.ts(341,9): error TS2739: Type '{ toMillis: () => number; toDate: () => Date; now: () => ...; fromDate: (date: Date) => { toMillis: () => number; toDate: () => Date; now: () => ...; fromDate: ...; }; }' is missing the following properties from type 'Timestamp': seconds, nanoseconds, isEqual, toJSON\r",
        "schemas/__tests__/validation.test.ts(360,9): error TS2739: Type '{ toMillis: () => number; toDate: () => Date; now: () => ...; fromDate: (date: Date) => { toMillis: () => number; toDate: () => Date; now: () => ...; fromDate: ...; }; }' is missing the following properties from type 'Timestamp': seconds, nanoseconds, isEqual, toJSON\r",
        "schemas/__tests__/validation.test.ts(375,9): error TS2739: Type '{ toMillis: () => number; toDate: () => Date; now: () => ...; fromDate: (date: Date) => { toMillis: () => number; toDate: () => Date; now: () => ...; fromDate: ...; }; }' is missing the following properties from type 'Timestamp': seconds, nanoseconds, isEqual, toJSON\r",
        "schemas/__tests__/validation.test.ts(389,9): error TS2739: Type '{ toMillis: () => number; toDate: () => Date; now: () => ...; fromDate: (date: Date) => { toMillis: () => number; toDate: () => Date; now: () => ...; fromDate: ...; }; }' is missing the following properties from type 'Timestamp': seconds, nanoseconds, isEqual, toJSON\r",
        "schemas/__tests__/validation.test.ts(449,7): error TS2739: Type '{ toMillis: () => number; toDate: () => Date; now: () => { toMillis: () => number; toDate: () => Date; now: ...; fromDate: (date: Date) => { toMillis: () => number; toDate: () => Date; now: () => ...; fromDate: ...; }; }; fromDate: (date: Date) => { ...; }; }' is missing the following properties from type 'Timestamp': seconds, nanoseconds, isEqual, toJSON\r",
        "schemas/__tests__/validation.test.ts(458,7): error TS2739: Type '{ toMillis: () => number; toDate: () => Date; now: () => ...; fromDate: (date: Date) => { toMillis: () => number; toDate: () => Date; now: () => ...; fromDate: ...; }; }' is missing the following properties from type 'Timestamp': seconds, nanoseconds, isEqual, toJSON\r",
        "schemas/__tests__/validation.test.ts(466,7): error TS2739: Type '{ toMillis: () => number; toDate: () => Date; now: () => { toMillis: () => number; toDate: () => Date; now: ...; fromDate: (date: Date) => { toMillis: () => number; toDate: () => Date; now: () => ...; fromDate: ...; }; }; fromDate: (date: Date) => { ...; }; }' is missing the following properties from type 'Timestamp': seconds, nanoseconds, isEqual, toJSON\r",
        "schemas/__tests__/validation.test.ts(471,7): error TS2739: Type '{ toMillis: () => number; toDate: () => Date; now: () => ...; fromDate: (date: Date) => { toMillis: () => number; toDate: () => Date; now: () => ...; fromDate: ...; }; }' is missing the following properties from type 'Timestamp': seconds, nanoseconds, isEqual, toJSON\r",
        "schemas/__tests__/validation.test.ts(566,9): error TS2739: Type '{ toMillis: () => number; toDate: () => Date; now: () => ...; fromDate: (date: Date) => { toMillis: () => number; toDate: () => Date; now: () => ...; fromDate: ...; }; }' is missing the following properties from type 'Timestamp': seconds, nanoseconds, isEqual, toJSON\r",
        "schemas/business-logic.ts(332,36): error TS2345: Argument of type 'number | undefined' is not assignable to parameter of type 'number'.\r",
        "  Type 'undefined' is not assignable to type 'number'.\r",
        "schemas/business-logic.ts(333,28): error TS18048: 'event.montoPago' is possibly 'undefined'.\r",
        "schemas/business-logic.ts(383,73): error TS2345: Argument of type 'number | undefined' is not assignable to parameter of type 'number'.\r",
        "  Type 'undefined' is not assignable to type 'number'.\r",
        "schemas/firestore-utils.ts(278,34): error TS2552: Cannot find name 'producto'. Did you mean 'product'?\r",
        "schemas/firestore-utils.ts(339,20): error TS2552: Cannot find name 'producto'. Did you mean 'product'?\r",
        "schemas/firestore-utils.ts(340,23): error TS2552: Cannot find name 'producto'. Did you mean 'product'?\r",
        "schemas/firestore-utils.ts(340,38): error TS2552: Cannot find name 'producto'. Did you mean 'product'?\r",
        "schemas/firestore-utils.ts(341,17): error TS2552: Cannot find name 'producto'. Did you mean 'product'?\r",
        "schemas/firestore-utils.ts(342,19): error TS2552: Cannot find name 'producto'. Did you mean 'product'?\r",
        "schemas/firestore-utils.ts(343,32): error TS2552: Cannot find name 'producto'. Did you mean 'product'?\r",
        "schemas/firestore-utils.ts(344,35): error TS2552: Cannot find name 'producto'. Did you mean 'product'?\r",
        "schemas/firestore-utils.ts(415,33): error TS2552: Cannot find name 'cliente'. Did you mean 'client'?\r",
        "schemas/firestore-utils.ts(597,49): error TS2307: Cannot find module '@/services/NotificationService' or its corresponding type declarations.\r",
        "schemas/firestore-utils.ts(747,20): error TS2552: Cannot find name 'producto'. Did you mean 'product'?\r",
        "schemas/firestore-utils.ts(748,23): error TS2304: Cannot find name 'producto'.\r",
        "schemas/firestore-utils.ts(748,38): error TS2304: Cannot find name 'producto'.\r",
        "schemas/firestore-utils.ts(749,17): error TS2304: Cannot find name 'producto'.\r",
        "schemas/firestore-utils.ts(750,19): error TS2304: Cannot find name 'producto'.\r",
        "schemas/firestore-utils.ts(751,32): error TS2304: Cannot find name 'producto'.\r",
        "schemas/firestore-utils.ts(752,35): error TS2304: Cannot find name 'producto'.\r",
        "scripts/__tests__/migration-integration.test.ts(39,37): error TS2339: Property 'getInstance' does not exist on type 'typeof CompanyService'.\r",
        "scripts/__tests__/migration-integration.test.ts(137,23): error TS2339: Property 'nombre' does not exist on type 'ServiceResponse<Company>'.\r",
        "scripts/__tests__/migration-integration.test.ts(217,23): error TS2339: Property 'nombre' does not exist on type 'ServiceResponse<Company>'.\r",
        "scripts/__tests__/migration-integration.test.ts(374,24): error TS2339: Property 'nombre' does not exist on type 'ServiceResponse<Company>'.\r",
        "scripts/__tests__/migration-integration.test.ts(375,24): error TS2339: Property 'nombre' does not exist on type 'ServiceResponse<Company>'.\r",
        "scripts/execute-migration.ts(54,42): error TS2339: Property 'getInstance' does not exist on type 'typeof CompanyService'.\r",
        "scripts/execute-migration.ts(195,15): error TS2739: Type 'ServiceResponse<Company>' is missing the following properties from type '{ id: string; nombre?: string | undefined; propietario: string; }': id, propietario\r",
        "scripts/execute-migration.ts(455,13): error TS2339: Property 'main' does not exist on type 'NodeRequire'.\r",
        "scripts/execute-migration.ts(455,22): error TS2580: Cannot find name 'module'. Do you need to install type definitions for node? Try `npm i --save-dev @types/node`.\r",
        "scripts/production-migration.ts(71,36): error TS2694: Namespace 'global.NodeJS' has no exported member 'Timeout'.\r",
        "scripts/production-migration.ts(75,42): error TS2339: Property 'getInstance' does not exist on type 'typeof CompanyService'.\r",
        "scripts/production-migration.ts(440,15): error TS2739: Type 'ServiceResponse<Company>' is missing the following properties from type '{ id: string; nombre?: string | undefined; propietario: string; }': id, propietario\r",
        "scripts/production-migration.ts(588,35): error TS2339: Property 'nombre' does not exist on type 'ServiceResponse<Company>'.\r",
        "scripts/production-migration.ts(588,54): error TS2339: Property 'propietario' does not exist on type 'ServiceResponse<Company>'.\r",
        "scripts/production-migration.ts(806,13): error TS2339: Property 'main' does not exist on type 'NodeRequire'.\r",
        "scripts/production-migration.ts(806,22): error TS2580: Cannot find name 'module'. Do you need to install type definitions for node? Try `npm i --save-dev @types/node`.\r",
        "scripts/rollback-migration.ts(65,9): error TS2322: Type 'string | null' is not assignable to type 'string | undefined'.\r",
        "  Type 'null' is not assignable to type 'string | undefined'.\r",
        "scripts/rollback-migration.ts(65,49): error TS2345: Argument of type 'string | undefined' is not assignable to parameter of type 'string'.\r",
        "  Type 'undefined' is not assignable to type 'string'.\r",
        "scripts/rollback-migration.ts(74,37): error TS2345: Argument of type 'string | undefined' is not assignable to parameter of type 'string'.\r",
        "  Type 'undefined' is not assignable to type 'string'.\r",
        "scripts/rollback-migration.ts(76,36): error TS2345: Argument of type 'string | undefined' is not assignable to parameter of type 'string'.\r",
        "  Type 'undefined' is not assignable to type 'string'.\r",
        "scripts/rollback-migration.ts(294,13): error TS2339: Property 'main' does not exist on type 'NodeRequire'.\r",
        "scripts/rollback-migration.ts(294,22): error TS2580: Cannot find name 'module'. Do you need to install type definitions for node? Try `npm i --save-dev @types/node`.\r",
        "scripts/test-migration.ts(75,42): error TS2339: Property 'getInstance' does not exist on type 'typeof CompanyService'.\r",
        "scripts/test-migration.ts(308,23): error TS2339: Property 'nombre' does not exist on type 'ServiceResponse<Company>'.\r",
        "scripts/test-migration.ts(311,70): error TS2339: Property 'nombre' does not exist on type 'ServiceResponse<Company>'.\r",
        "scripts/test-migration.ts(352,72): error TS2339: Property 'nombre' does not exist on type 'ServiceResponse<Company>'.\r",
        "scripts/test-migration.ts(376,71): error TS2339: Property 'nombre' does not exist on type 'ServiceResponse<Company>'.\r",
        "scripts/test-migration.ts(380,33): error TS2339: Property 'nombre' does not exist on type 'ServiceResponse<Company>'.\r",
        "scripts/test-migration.ts(549,13): error TS2339: Property 'main' does not exist on type 'NodeRequire'.\r",
        "scripts/test-migration.ts(549,22): error TS2580: Cannot find name 'module'. Do you need to install type definitions for node? Try `npm i --save-dev @types/node`.\r",
        "services/MigrationService.ts(75,22): error TS2304: Cannot find name 'empresa'.\r",
        "services/MigrationService.ts(104,20): error TS2304: Cannot find name 'respaldo'.\r",
        "services/MigrationService.ts(105,27): error TS2304: Cannot find name 'respaldo'.\r",
        "services/MigrationService.ts(106,23): error TS2304: Cannot find name 'respaldo'.\r",
        "services/MigrationService.ts(125,20): error TS2304: Cannot find name 'respaldo'.\r",
        "services/MigrationService.ts(126,20): error TS2304: Cannot find name 'respaldo'.\r",
        "services/MigrationService.ts(294,16): error TS2304: Cannot find name 'fall'.\r",
        "services/MigrationService.ts(296,20): error TS2304: Cannot find name 'fall'.\r",
        "services/MigrationService.ts(296,30): error TS7006: Parameter 'f' implicitly has an 'any' type.\r",
        "services/MigrationService.ts(467,16): error TS2304: Cannot find name 'fall'.\r",
        "services/MigrationService.ts(469,20): error TS2304: Cannot find name 'fall'.\r",
        "services/MigrationService.ts(469,30): error TS7006: Parameter 'f' implicitly has an 'any' type.\r",
        "services/MigrationService.ts(853,22): error TS2304: Cannot find name 'empresa'.\r",
        "services/ProductService.ts(52,7): error TS2322: Type 'number | undefined' is not assignable to type 'number'.\r",
        "  Type 'undefined' is not assignable to type 'number'.\r",
        "services/ProductService.ts(53,7): error TS2322: Type 'number | undefined' is not assignable to type 'number'.\r",
        "  Type 'undefined' is not assignable to type 'number'.\r",
        "services/ProductService.ts(115,17): error TS2554: Expected 4 arguments, but got 2.\r"
      ],
      "warnings": []
    },
    "strictMode": {
      "passed": false,
      "issues": [
        "Missing strict options: noUnusedLocals, noUnusedParameters, exactOptionalPropertyTypes"
      ]
    },
    "cleanup": {
      "passed": false,
      "issues": [
        "Unused locals or parameters detected"
      ]
    }
  }
}